{"contracts/Election.sol":{"l":{"43":2,"44":2,"45":2,"46":2,"47":2,"48":2,"49":1,"51":1,"57":5,"58":5,"60":0,"62":0,"69":1,"70":1,"71":1,"72":1,"78":2,"79":2,"80":2,"81":2,"82":0,"83":0,"84":0,"90":0,"91":0,"92":0,"93":0,"95":0,"96":0,"97":0,"100":0,"107":0,"108":0,"109":0,"111":0},"path":"/Users/ayush/Desktop/agora-blockchain/server/contracts/Election.sol","s":{"1":2,"2":2,"3":2,"4":2,"5":2,"6":2,"7":1,"8":1,"9":5,"10":5,"11":0,"12":0,"13":0,"14":1,"15":1,"16":1,"17":2,"18":2,"19":2,"20":2,"21":0,"22":0,"23":0,"24":0,"25":0,"26":0,"27":0,"28":0,"29":0,"30":0,"31":0,"32":0,"33":0,"34":0},"b":{"1":[1,1],"2":[5,0],"3":[0,0],"4":[1,0],"5":[2,0],"6":[2,0],"7":[2,0],"8":[0,2],"9":[0,0],"10":[0,0],"11":[0,0],"12":[0,0],"13":[0,0]},"f":{"1":2,"2":5,"3":1,"4":2,"5":0,"6":0},"fnMap":{"1":{"name":"constructor","line":41,"loc":{"start":{"line":41,"column":4},"end":{"line":53,"column":4}}},"2":{"name":"getStatus","line":56,"loc":{"start":{"line":56,"column":4},"end":{"line":64,"column":4}}},"3":{"name":"addCandidate","line":67,"loc":{"start":{"line":67,"column":4},"end":{"line":73,"column":4}}},"4":{"name":"vote","line":76,"loc":{"start":{"line":76,"column":4},"end":{"line":85,"column":4}}},"5":{"name":"calculateResults","line":88,"loc":{"start":{"line":88,"column":4},"end":{"line":103,"column":4}}},"6":{"name":"getWinnerDetails","line":106,"loc":{"start":{"line":106,"column":4},"end":{"line":112,"column":4}}}},"statementMap":{"1":{"start":{"line":43,"column":8},"end":{"line":43,"column":21}},"2":{"start":{"line":44,"column":8},"end":{"line":44,"column":28}},"3":{"start":{"line":45,"column":8},"end":{"line":45,"column":26}},"4":{"start":{"line":46,"column":8},"end":{"line":46,"column":21}},"5":{"start":{"line":47,"column":8},"end":{"line":47,"column":21}},"6":{"start":{"line":48,"column":8},"end":{"line":48,"column":1237}},"7":{"start":{"line":49,"column":12},"end":{"line":49,"column":34}},"8":{"start":{"line":51,"column":12},"end":{"line":51,"column":33}},"9":{"start":{"line":57,"column":8},"end":{"line":57,"column":1472}},"10":{"start":{"line":58,"column":12},"end":{"line":58,"column":33}},"11":{"start":{"line":59,"column":15},"end":{"line":59,"column":1552}},"12":{"start":{"line":60,"column":12},"end":{"line":60,"column":32}},"13":{"start":{"line":62,"column":12},"end":{"line":62,"column":32}},"14":{"start":{"line":69,"column":8},"end":{"line":69,"column":105}},"15":{"start":{"line":71,"column":8},"end":{"line":71,"column":81}},"16":{"start":{"line":72,"column":8},"end":{"line":72,"column":56}},"17":{"start":{"line":78,"column":8},"end":{"line":78,"column":63}},"18":{"start":{"line":79,"column":8},"end":{"line":79,"column":94}},"19":{"start":{"line":80,"column":8},"end":{"line":80,"column":63}},"20":{"start":{"line":81,"column":8},"end":{"line":81,"column":73}},"21":{"start":{"line":82,"column":8},"end":{"line":82,"column":32}},"22":{"start":{"line":84,"column":8},"end":{"line":84,"column":30}},"23":{"start":{"line":90,"column":8},"end":{"line":90,"column":72}},"24":{"start":{"line":91,"column":8},"end":{"line":91,"column":24}},"25":{"start":{"line":92,"column":8},"end":{"line":92,"column":3038}},"26":{"start":{"line":93,"column":12},"end":{"line":93,"column":3099}},"27":{"start":{"line":95,"column":16},"end":{"line":95,"column":48}},"28":{"start":{"line":97,"column":16},"end":{"line":97,"column":48}},"29":{"start":{"line":98,"column":19},"end":{"line":98,"column":3366}},"30":{"start":{"line":100,"column":16},"end":{"line":100,"column":48}},"31":{"start":{"line":107,"column":8},"end":{"line":107,"column":39}},"32":{"start":{"line":108,"column":8},"end":{"line":108,"column":3706}},"33":{"start":{"line":109,"column":12},"end":{"line":109,"column":29}},"34":{"start":{"line":111,"column":8},"end":{"line":111,"column":28}}},"branchMap":{"1":{"line":48,"type":"if","locations":[{"start":{"line":48,"column":8},"end":{"line":48,"column":8}},{"start":{"line":48,"column":8},"end":{"line":48,"column":8}}]},"2":{"line":57,"type":"if","locations":[{"start":{"line":57,"column":8},"end":{"line":57,"column":8}},{"start":{"line":57,"column":8},"end":{"line":57,"column":8}}]},"3":{"line":59,"type":"if","locations":[{"start":{"line":59,"column":15},"end":{"line":59,"column":15}},{"start":{"line":59,"column":15},"end":{"line":59,"column":15}}]},"4":{"line":69,"type":"if","locations":[{"start":{"line":69,"column":8},"end":{"line":69,"column":8}},{"start":{"line":69,"column":8},"end":{"line":69,"column":8}}]},"5":{"line":78,"type":"if","locations":[{"start":{"line":78,"column":8},"end":{"line":78,"column":8}},{"start":{"line":78,"column":8},"end":{"line":78,"column":8}}]},"6":{"line":79,"type":"if","locations":[{"start":{"line":79,"column":8},"end":{"line":79,"column":8}},{"start":{"line":79,"column":8},"end":{"line":79,"column":8}}]},"7":{"line":80,"type":"if","locations":[{"start":{"line":80,"column":8},"end":{"line":80,"column":8}},{"start":{"line":80,"column":8},"end":{"line":80,"column":8}}]},"8":{"line":81,"type":"if","locations":[{"start":{"line":81,"column":8},"end":{"line":81,"column":8}},{"start":{"line":81,"column":8},"end":{"line":81,"column":8}}]},"9":{"line":90,"type":"if","locations":[{"start":{"line":90,"column":8},"end":{"line":90,"column":8}},{"start":{"line":90,"column":8},"end":{"line":90,"column":8}}]},"10":{"line":93,"type":"if","locations":[{"start":{"line":93,"column":12},"end":{"line":93,"column":12}},{"start":{"line":93,"column":12},"end":{"line":93,"column":12}}]},"11":{"line":98,"type":"if","locations":[{"start":{"line":98,"column":19},"end":{"line":98,"column":19}},{"start":{"line":98,"column":19},"end":{"line":98,"column":19}}]},"12":{"line":107,"type":"if","locations":[{"start":{"line":107,"column":8},"end":{"line":107,"column":8}},{"start":{"line":107,"column":8},"end":{"line":107,"column":8}}]},"13":{"line":108,"type":"if","locations":[{"start":{"line":108,"column":8},"end":{"line":108,"column":8}},{"start":{"line":108,"column":8},"end":{"line":108,"column":8}}]}}},"contracts/MainContract.sol":{"l":{"19":6,"20":6,"21":3,"22":2,"23":2,"24":2,"27":4,"31":6,"32":4,"33":4,"34":4,"35":4},"path":"/Users/ayush/Desktop/agora-blockchain/server/contracts/MainContract.sol","s":{"1":6,"2":6,"3":3,"4":2,"5":2,"6":2,"7":4,"8":6,"9":4,"10":4,"11":4},"b":{"1":[2,1],"2":[4,2]},"f":{"1":6,"2":6},"fnMap":{"1":{"name":"isRegistered","line":18,"loc":{"start":{"line":18,"column":4},"end":{"line":28,"column":4}}},"2":{"name":"createUser","line":30,"loc":{"start":{"line":30,"column":4},"end":{"line":36,"column":4}}}},"statementMap":{"1":{"start":{"line":19,"column":8},"end":{"line":19,"column":59}},"2":{"start":{"line":20,"column":8},"end":{"line":20,"column":594}},"3":{"start":{"line":21,"column":12},"end":{"line":21,"column":645}},"4":{"start":{"line":22,"column":16},"end":{"line":22,"column":28}},"5":{"start":{"line":23,"column":16},"end":{"line":23,"column":28}},"6":{"start":{"line":24,"column":16},"end":{"line":24,"column":29}},"7":{"start":{"line":27,"column":8},"end":{"line":27,"column":21}},"8":{"start":{"line":31,"column":8},"end":{"line":31,"column":78}},"9":{"start":{"line":32,"column":8},"end":{"line":32,"column":54}},"10":{"start":{"line":33,"column":8},"end":{"line":33,"column":58}},"11":{"start":{"line":34,"column":8},"end":{"line":34,"column":39}}},"branchMap":{"1":{"line":21,"type":"if","locations":[{"start":{"line":21,"column":12},"end":{"line":21,"column":12}},{"start":{"line":21,"column":12},"end":{"line":21,"column":12}}]},"2":{"line":31,"type":"if","locations":[{"start":{"line":31,"column":8},"end":{"line":31,"column":8}},{"start":{"line":31,"column":8},"end":{"line":31,"column":8}}]}}},"contracts/User.sol":{"l":{"17":4,"26":2,"27":2,"28":2,"29":2,"30":2},"path":"/Users/ayush/Desktop/agora-blockchain/server/contracts/User.sol","s":{"1":4,"2":2,"3":2,"4":2,"5":2},"b":{"1":[2,0]},"f":{"1":4,"2":2},"fnMap":{"1":{"name":"constructor","line":16,"loc":{"start":{"line":16,"column":4},"end":{"line":18,"column":4}}},"2":{"name":"createElection","line":25,"loc":{"start":{"line":25,"column":4},"end":{"line":31,"column":4}}}},"statementMap":{"1":{"start":{"line":17,"column":5},"end":{"line":17,"column":47}},"2":{"start":{"line":26,"column":5},"end":{"line":26,"column":93}},"3":{"start":{"line":27,"column":8},"end":{"line":27,"column":51}},"4":{"start":{"line":29,"column":8},"end":{"line":29,"column":48}},"5":{"start":{"line":30,"column":8},"end":{"line":30,"column":51}}},"branchMap":{"1":{"line":26,"type":"if","locations":[{"start":{"line":26,"column":5},"end":{"line":26,"column":5}},{"start":{"line":26,"column":5},"end":{"line":26,"column":5}}]}}}}