{
"contracts/Election.sol":{"l":{"39":0,"40":0,"41":0,"42":0,"43":0,"44":0,"45":0,"47":0,"53":0,"54":0,"56":0,"58":0,"66":0,"67":0,"77":0,"78":0,"85":0,"86":0,"87":0,"89":0,"90":0,"91":0,"94":0,"102":0,"103":0,"105":0},"path":"/home/cipher/Desktop/agora-blockchain/server/contracts/Election.sol","s":{"1":0,"2":0,"3":0,"4":0,"5":0,"6":0,"7":0,"8":0,"9":0,"10":0,"11":0,"12":0,"13":0,"14":0,"15":0,"16":0,"17":0,"18":0,"19":0,"20":0,"21":0,"22":0,"23":0,"24":0,"25":0},"b":{"1":[0,0],"2":[0,0],"3":[0,0],"4":[0,0],"5":[0,0],"6":[0,0]},"f":{"1":0,"2":0,"3":0,"4":0,"5":0,"6":0},"fnMap":{"1":{"name":"constructor","line":37,"loc":{"start":{"line":37,"column":4},"end":{"line":49,"column":4}}},"2":{"name":"getStatus","line":52,"loc":{"start":{"line":52,"column":4},"end":{"line":60,"column":4}}},"3":{"name":"addCandidate","line":63,"loc":{"start":{"line":63,"column":4},"end":{"line":68,"column":4}}},"4":{"name":"vote","line":71,"loc":{"start":{"line":71,"column":4},"end":{"line":79,"column":4}}},"5":{"name":"calculateResults","line":82,"loc":{"start":{"line":82,"column":4},"end":{"line":97,"column":4}}},"6":{"name":"getWinnerDetails","line":100,"loc":{"start":{"line":100,"column":4},"end":{"line":106,"column":4}}}},"statementMap":{"1":{"start":{"line":39,"column":8},"end":{"line":39,"column":21}},"2":{"start":{"line":40,"column":8},"end":{"line":40,"column":28}},"3":{"start":{"line":41,"column":8},"end":{"line":41,"column":26}},"4":{"start":{"line":42,"column":8},"end":{"line":42,"column":21}},"5":{"start":{"line":43,"column":8},"end":{"line":43,"column":21}},"6":{"start":{"line":44,"column":8},"end":{"line":44,"column":1141}},"7":{"start":{"line":45,"column":12},"end":{"line":45,"column":34}},"8":{"start":{"line":47,"column":12},"end":{"line":47,"column":33}},"9":{"start":{"line":53,"column":8},"end":{"line":53,"column":1376}},"10":{"start":{"line":54,"column":12},"end":{"line":54,"column":33}},"11":{"start":{"line":55,"column":15},"end":{"line":55,"column":1456}},"12":{"start":{"line":56,"column":12},"end":{"line":56,"column":32}},"13":{"start":{"line":58,"column":12},"end":{"line":58,"column":32}},"14":{"start":{"line":67,"column":8},"end":{"line":67,"column":81}},"15":{"start":{"line":77,"column":8},"end":{"line":77,"column":32}},"16":{"start":{"line":85,"column":8},"end":{"line":85,"column":24}},"17":{"start":{"line":86,"column":8},"end":{"line":86,"column":2871}},"18":{"start":{"line":87,"column":12},"end":{"line":87,"column":2932}},"19":{"start":{"line":89,"column":16},"end":{"line":89,"column":48}},"20":{"start":{"line":91,"column":16},"end":{"line":91,"column":48}},"21":{"start":{"line":92,"column":19},"end":{"line":92,"column":3199}},"22":{"start":{"line":94,"column":16},"end":{"line":94,"column":48}},"23":{"start":{"line":102,"column":8},"end":{"line":102,"column":3542}},"24":{"start":{"line":103,"column":12},"end":{"line":103,"column":29}},"25":{"start":{"line":105,"column":8},"end":{"line":105,"column":28}}},"branchMap":{"1":{"line":44,"type":"if","locations":[{"start":{"line":44,"column":8},"end":{"line":44,"column":8}},{"start":{"line":44,"column":8},"end":{"line":44,"column":8}}]},"2":{"line":53,"type":"if","locations":[{"start":{"line":53,"column":8},"end":{"line":53,"column":8}},{"start":{"line":53,"column":8},"end":{"line":53,"column":8}}]},"3":{"line":55,"type":"if","locations":[{"start":{"line":55,"column":15},"end":{"line":55,"column":15}},{"start":{"line":55,"column":15},"end":{"line":55,"column":15}}]},"4":{"line":87,"type":"if","locations":[{"start":{"line":87,"column":12},"end":{"line":87,"column":12}},{"start":{"line":87,"column":12},"end":{"line":87,"column":12}}]},"5":{"line":92,"type":"if","locations":[{"start":{"line":92,"column":19},"end":{"line":92,"column":19}},{"start":{"line":92,"column":19},"end":{"line":92,"column":19}}]},"6":{"line":102,"type":"if","locations":[{"start":{"line":102,"column":8},"end":{"line":102,"column":8}},{"start":{"line":102,"column":8},"end":{"line":102,"column":8}}]}}},
"contracts/MainContract.sol":{"l":{"19":5,"20":5,"21":2,"22":2,"23":2,"24":2,"27":3,"31":5,"32":3,"33":3,"34":3,"35":3},"path":"/home/cipher/Desktop/agora-blockchain/server/contracts/MainContract.sol","s":{"1":5,"2":5,"3":2,"4":2,"5":2,"6":2,"7":3,"8":5,"9":3,"10":3,"11":3},"b":{"1":[2,0],"2":[3,2]},"f":{"1":5,"2":5},"fnMap":{"1":{"name":"isRegistered","line":18,"loc":{"start":{"line":18,"column":4},"end":{"line":28,"column":4}}},"2":{"name":"createUser","line":30,"loc":{"start":{"line":30,"column":4},"end":{"line":36,"column":4}}}},"statementMap":{"1":{"start":{"line":19,"column":8},"end":{"line":19,"column":59}},"2":{"start":{"line":20,"column":8},"end":{"line":20,"column":594}},"3":{"start":{"line":21,"column":12},"end":{"line":21,"column":645}},"4":{"start":{"line":22,"column":16},"end":{"line":22,"column":28}},"5":{"start":{"line":23,"column":16},"end":{"line":23,"column":28}},"6":{"start":{"line":24,"column":16},"end":{"line":24,"column":29}},"7":{"start":{"line":27,"column":8},"end":{"line":27,"column":21}},"8":{"start":{"line":31,"column":8},"end":{"line":31,"column":78}},"9":{"start":{"line":32,"column":8},"end":{"line":32,"column":54}},"10":{"start":{"line":33,"column":8},"end":{"line":33,"column":58}},"11":{"start":{"line":34,"column":8},"end":{"line":34,"column":39}}},"branchMap":{"1":{"line":21,"type":"if","locations":[{"start":{"line":21,"column":12},"end":{"line":21,"column":12}},{"start":{"line":21,"column":12},"end":{"line":21,"column":12}}]},"2":{"line":31,"type":"if","locations":[{"start":{"line":31,"column":8},"end":{"line":31,"column":8}},{"start":{"line":31,"column":8},"end":{"line":31,"column":8}}]}}},
"contracts/User.sol":{"l":{"17":3,"26":0,"27":0,"28":0,"29":0,"30":0},"path":"/home/cipher/Desktop/agora-blockchain/server/contracts/User.sol","s":{"1":3,"2":0,"3":0,"4":0,"5":0},"b":{"1":[0,0]},"f":{"1":3,"2":0},"fnMap":{"1":{"name":"constructor","line":16,"loc":{"start":{"line":16,"column":4},"end":{"line":18,"column":4}}},"2":{"name":"createElection","line":25,"loc":{"start":{"line":25,"column":4},"end":{"line":31,"column":4}}}},"statementMap":{"1":{"start":{"line":17,"column":5},"end":{"line":17,"column":47}},"2":{"start":{"line":26,"column":5},"end":{"line":26,"column":93}},"3":{"start":{"line":27,"column":8},"end":{"line":27,"column":51}},"4":{"start":{"line":29,"column":8},"end":{"line":29,"column":48}},"5":{"start":{"line":30,"column":8},"end":{"line":30,"column":51}}},"branchMap":{"1":{"line":26,"type":"if","locations":[{"start":{"line":26,"column":5},"end":{"line":26,"column":5}},{"start":{"line":26,"column":5},"end":{"line":26,"column":5}}]}}}}
