TN:
SF:/home/cipher/Desktop/agora-blockchain/server/contracts/Election.sol
FN:37,constructor
FN:52,getStatus
FN:63,addCandidate
FN:71,vote
FN:82,calculateResults
FN:100,getWinnerDetails
FNF:6
FNH:0
FNDA:0,constructor
FNDA:0,getStatus
FNDA:0,addCandidate
FNDA:0,vote
FNDA:0,calculateResults
FNDA:0,getWinnerDetails
DA:39,0
DA:40,0
DA:41,0
DA:42,0
DA:43,0
DA:44,0
DA:45,0
DA:47,0
DA:53,0
DA:54,0
DA:56,0
DA:58,0
DA:66,0
DA:67,0
DA:77,0
DA:78,0
DA:85,0
DA:86,0
DA:87,0
DA:89,0
DA:90,0
DA:91,0
DA:94,0
DA:102,0
DA:103,0
DA:105,0
LF:26
LH:0
BRDA:44,1,0,0
BRDA:44,1,1,0
BRDA:53,2,0,0
BRDA:53,2,1,0
BRDA:55,3,0,0
BRDA:55,3,1,0
BRDA:87,4,0,0
BRDA:87,4,1,0
BRDA:92,5,0,0
BRDA:92,5,1,0
BRDA:102,6,0,0
BRDA:102,6,1,0
BRF:12
BRH:0
end_of_record
TN:
SF:/home/cipher/Desktop/agora-blockchain/server/contracts/MainContract.sol
FN:18,isRegistered
FN:30,createUser
FNF:2
FNH:2
FNDA:5,isRegistered
FNDA:5,createUser
DA:19,5
DA:20,5
DA:21,2
DA:22,2
DA:23,2
DA:24,2
DA:27,3
DA:31,5
DA:32,3
DA:33,3
DA:34,3
DA:35,3
LF:12
LH:12
BRDA:21,1,0,2
BRDA:21,1,1,0
BRDA:31,2,0,3
BRDA:31,2,1,2
BRF:4
BRH:3
end_of_record
TN:
SF:/home/cipher/Desktop/agora-blockchain/server/contracts/User.sol
FN:16,constructor
FN:25,createElection
FNF:2
FNH:1
FNDA:3,constructor
FNDA:0,createElection
DA:17,3
DA:26,0
DA:27,0
DA:28,0
DA:29,0
DA:30,0
LF:6
LH:1
BRDA:26,1,0,0
BRDA:26,1,1,0
BRF:2
BRH:0
end_of_record
